<?xml version="1.0" encoding="UTF-8"?>
<!-- Generated by org.testng.reporters.JUnitReportReporter -->
<testsuite hostname="Partha" name="com.java.test.test" tests="4" failures="0" timestamp="24 Aug 2015 22:02:08 GMT" time="0.027" errors="0">
  <testcase name="testNegativeNumber" time="0.022" classname="com.java.test.test"/>
  <testcase name="testPositiveNumber" time="0.001" classname="com.java.test.test"/>
  <testcase name="testNumberZero" time="0.001" classname="com.java.test.test"/>
  <testcase name="testNumberOne" time="0.003" classname="com.java.test.test"/>
</testsuite> <!-- com.java.test.test -->
