<?xml version="1.0" encoding="UTF-8"?>
<!-- Generated by org.testng.reporters.JUnitReportReporter -->
<testsuite hostname="Partha" name="com.java.test.PingPongTest" tests="1" failures="0" timestamp="24 Aug 2015 22:02:08 GMT" time="0.014" errors="0">
  <testcase name="testping" time="0.014" classname="com.java.test.PingPongTest"/>
</testsuite> <!-- com.java.test.PingPongTest -->
