<?xml version="1.0" encoding="UTF-8"?>
<!-- Generated by org.testng.reporters.JUnitReportReporter -->
<testsuite hostname="Partha" name="com.java.test.MapTest" tests="1" failures="0" timestamp="24 Aug 2015 22:02:08 GMT" time="0.037" errors="0">
  <testcase name="testPositive" time="0.037" classname="com.java.test.MapTest"/>
</testsuite> <!-- com.java.test.MapTest -->
