<?xml version="1.0" encoding="UTF-8"?>
<!-- Generated by org.testng.reporters.JUnitReportReporter -->
<testsuite hostname="Partha" name="com.java.test.CommonNumTest" tests="4" failures="0" timestamp="24 Aug 2015 22:02:08 GMT" time="0.041" errors="0">
  <testcase name="testNegativeNumbers" time="0.037" classname="com.java.test.CommonNumTest"/>
  <testcase name="testnullarray" time="0.002" classname="com.java.test.CommonNumTest"/>
  <testcase name="testnocommon" time="0.001" classname="com.java.test.CommonNumTest"/>
  <testcase name="testPositiveNumbers" time="0.001" classname="com.java.test.CommonNumTest"/>
</testsuite> <!-- com.java.test.CommonNumTest -->
