<?xml version="1.0" encoding="UTF-8"?>
<!-- Generated by org.testng.reporters.JUnitReportReporter -->
<testsuite hostname="Partha" name="com.java.test.PalindromeTest" tests="6" failures="0" timestamp="25 Aug 2015 00:07:04 GMT" time="0.050" errors="0">
  <testcase name="testsingle" time="0.002" classname="com.java.test.PalindromeTest"/>
  <testcase name="testblankbtw" time="0.002" classname="com.java.test.PalindromeTest"/>
  <testcase name="testpositive" time="0.003" classname="com.java.test.PalindromeTest"/>
  <testcase name="testblank" time="0.034" classname="com.java.test.PalindromeTest"/>
  <testcase name="testblank2" time="0.002" classname="com.java.test.PalindromeTest"/>
  <testcase name="testnegative" time="0.007" classname="com.java.test.PalindromeTest"/>
</testsuite> <!-- com.java.test.PalindromeTest -->
