<?xml version="1.0" encoding="UTF-8"?>
<!-- Generated by org.testng.reporters.JUnitReportReporter -->
<testsuite hostname="Partha" name="com.java.test.FactorialTest" tests="4" failures="0" timestamp="24 Aug 2015 22:02:08 GMT" time="0.039" errors="0">
  <testcase name="testNegativeNumber" time="0.029" classname="com.java.test.FactorialTest"/>
  <testcase name="testNumberZero" time="0.004" classname="com.java.test.FactorialTest"/>
  <testcase name="testNumberOne" time="0.004" classname="com.java.test.FactorialTest"/>
  <testcase name="testPositiveNumber" time="0.002" classname="com.java.test.FactorialTest"/>
</testsuite> <!-- com.java.test.FactorialTest -->
