<?xml version="1.0" encoding="UTF-8"?>
<!-- Generated by org.testng.reporters.JUnitReportReporter -->
<testsuite hostname="Partha" name="com.java.test.ListTest" tests="3" failures="0" timestamp="24 Aug 2015 22:02:08 GMT" time="0.023" errors="0">
  <testcase name="testprntList3" time="0.002" classname="com.java.test.ListTest"/>
  <testcase name="testprntList2" time="0.005" classname="com.java.test.ListTest"/>
  <testcase name="testList" time="0.016" classname="com.java.test.ListTest"/>
</testsuite> <!-- com.java.test.ListTest -->
