<?xml version="1.0" encoding="UTF-8"?>
<!-- Generated by org.testng.reporters.JUnitReportReporter -->
<testsuite hostname="Partha" name="com.java.test.LargestTest" tests="4" failures="0" timestamp="24 Aug 2015 22:02:08 GMT" time="0.024" errors="0">
  <testcase name="testallnum" time="0.002" classname="com.java.test.LargestTest"/>
  <testcase name="testNegativeNumbers" time="0.002" classname="com.java.test.LargestTest"/>
  <testcase name="testDuplicateNumbers" time="0.014" classname="com.java.test.LargestTest"/>
  <testcase name="testPositiveNumbers" time="0.006" classname="com.java.test.LargestTest"/>
</testsuite> <!-- com.java.test.LargestTest -->
