<?xml version="1.0" encoding="UTF-8"?>
<!-- Generated by org.testng.reporters.JUnitReportReporter -->
<testsuite hostname="Partha" name="com.java.test.ReverseTest" tests="7" failures="0" timestamp="24 Aug 2015 22:02:08 GMT" time="0.067" errors="0">
  <testcase name="testendnull" time="0.002" classname="com.java.test.ReverseTest"/>
  <testcase name="testblackspace" time="0.052" classname="com.java.test.ReverseTest"/>
  <testcase name="testnull" time="0.002" classname="com.java.test.ReverseTest"/>
  <testcase name="testpalindrome" time="0.004" classname="com.java.test.ReverseTest"/>
  <testcase name="testreverse" time="0.003" classname="com.java.test.ReverseTest"/>
  <testcase name="testint" time="0.002" classname="com.java.test.ReverseTest"/>
  <testcase name="testsingle" time="0.002" classname="com.java.test.ReverseTest"/>
</testsuite> <!-- com.java.test.ReverseTest -->
